2023-04-17 17:50:43,782 INFO LogbackTest [Test worker] Info message
2023-04-17 17:50:43,786 WARN LogbackTest [Test worker] Warn message
2023-04-17 17:50:43,787 ERROR LogbackTest [Test worker] Error message
2023-04-19 15:51:00,007 INFO LogbackTest [Test worker] Info message
2023-04-19 15:51:00,010 WARN LogbackTest [Test worker] Warn message
2023-04-19 15:51:00,010 ERROR LogbackTest [Test worker] Error message
2023-04-19 15:51:00,012 INFO LogbackTest [Test worker] Info log message
2023-04-19 15:51:00,013 WARN LogbackTest [Test worker] Warn log message
2023-04-19 15:51:00,013 ERROR LogbackTest [Test worker] Error log message
2023-04-19 15:51:00,015 WARN LogbackTest [Test worker] Warn log message
2023-04-19 15:51:00,015 ERROR LogbackTest [Test worker] Error log message
2023-05-18 09:23:53,501 INFO LogbackTest [Test worker] Info message
2023-05-18 09:23:53,502 WARN LogbackTest [Test worker] Warn message
2023-05-18 09:23:53,502 ERROR LogbackTest [Test worker] Error message
2023-05-18 09:23:53,503 INFO LogbackTest [Test worker] Info log message
2023-05-18 09:23:53,504 WARN LogbackTest [Test worker] Warn log message
2023-05-18 09:23:53,504 ERROR LogbackTest [Test worker] Error log message
2023-05-18 09:23:53,504 INFO LogbackTest [Test worker] Info log message
2023-05-18 09:23:53,505 WARN LogbackTest [Test worker] Warn log message
2023-05-18 09:23:53,505 ERROR LogbackTest [Test worker] Error log message
2023-05-18 09:24:38,912 INFO LogbackTest [Test worker] Info message
2023-05-18 09:24:38,913 WARN LogbackTest [Test worker] Warn message
2023-05-18 09:24:38,913 ERROR LogbackTest [Test worker] Error message
2023-05-18 09:24:38,914 INFO LogbackTest [Test worker] Info log message
2023-05-18 09:24:38,914 WARN LogbackTest [Test worker] Warn log message
2023-05-18 09:24:38,915 ERROR LogbackTest [Test worker] Error log message
2023-05-18 09:24:38,915 INFO LogbackTest [Test worker] Info log message
2023-05-18 09:24:38,915 WARN LogbackTest [Test worker] Warn log message
2023-05-18 09:24:38,916 ERROR LogbackTest [Test worker] Error log message
2023-05-22 15:22:26,823 INFO LogbackTest [Test worker] Info message
2023-05-22 15:22:26,823 WARN LogbackTest [Test worker] Warn message
2023-05-22 15:22:26,823 ERROR LogbackTest [Test worker] Error message
2023-05-22 15:22:26,824 INFO LogbackTest [Test worker] Info log message
2023-05-22 15:22:26,824 WARN LogbackTest [Test worker] Warn log message
2023-05-22 15:22:26,824 ERROR LogbackTest [Test worker] Error log message
2023-05-22 15:22:26,825 INFO LogbackTest [Test worker] Info log message
2023-05-22 15:22:26,825 WARN LogbackTest [Test worker] Warn log message
2023-05-22 15:22:26,825 ERROR LogbackTest [Test worker] Error log message
